<?xml version="1.0" encoding="UTF-8"?>
<!-- Generated by org.testng.reporters.JUnitReportReporter -->
<testsuite hostname="DESKTOP-2RS3A7H" name="com.training.sanity.tests.RTTC_12" tests="1" failures="0" timestamp="4 Mar 2020 12:11:56 GMT" time="22.386" errors="0">
  <testcase name="validLoginTest" time="22.386" classname="com.training.sanity.tests.RTTC_12"/>
</testsuite> <!-- com.training.sanity.tests.RTTC_12 -->
