<?xml version="1.0" encoding="UTF-8"?>
<!-- Generated by org.testng.reporters.JUnitReportReporter -->
<testsuite hostname="DESKTOP-2RS3A7H" name="com.training.sanity.tests.RTTC_13" tests="1" failures="0" timestamp="4 Mar 2020 12:26:29 GMT" time="40.565" errors="0">
  <testcase name="validLoginTest" time="40.565" classname="com.training.sanity.tests.RTTC_13"/>
</testsuite> <!-- com.training.sanity.tests.RTTC_13 -->
